============================================================
  MLP Experiment
  hiddens=512  layers=1  lr=0.05  epochs=15  prefix=ex4_combo3
  activation=ReLU  init=custom
============================================================
Loading Fashion-MNIST...
Train: 60000 images  Test: 10000 images
Start training on 60000 samples...
Training started: 15 epochs (from epoch 1), 60000 samples, batch size: 256, initial learning rate: 0.05
learning rate decay: 0.4%, minimum learning rate: 0.0001
------------------------------------------------------------
Epoch 1/15, batch 1/235
Epoch 1/15, batch 24/235
Epoch 1/15, batch 47/235
Epoch 1/15, batch 70/235
Epoch 1/15, batch 93/235
Epoch 1/15, batch 116/235
Epoch 1/15, batch 139/235
Epoch 1/15, batch 162/235
Epoch 1/15, batch 185/235
Epoch 1/15, batch 208/235
Epoch 1/15, batch 231/235
Epoch 1/15, batch 235/235
[6%] Epoch: 1 | CE: 1.5762
Model saved to ex4_combo3_epoch_1.csv
Epoch 2/15, batch 1/235
Epoch 2/15, batch 24/235
Epoch 2/15, batch 47/235
Epoch 2/15, batch 70/235
Epoch 2/15, batch 93/235
Epoch 2/15, batch 116/235
Epoch 2/15, batch 139/235
Epoch 2/15, batch 162/235
Epoch 2/15, batch 185/235
Epoch 2/15, batch 208/235
Epoch 2/15, batch 231/235
Epoch 2/15, batch 235/235
[13%] Epoch: 2 | CE: 0.799631
Model saved to ex4_combo3_epoch_2.csv
Epoch 3/15, batch 1/235
Epoch 3/15, batch 24/235
Epoch 3/15, batch 47/235
Epoch 3/15, batch 70/235
Epoch 3/15, batch 93/235
Epoch 3/15, batch 116/235
Epoch 3/15, batch 139/235
Epoch 3/15, batch 162/235
Epoch 3/15, batch 185/235
Epoch 3/15, batch 208/235
Epoch 3/15, batch 231/235
Epoch 3/15, batch 235/235
[20%] Epoch: 3 | CE: 0.664077
Model saved to ex4_combo3_epoch_3.csv
Epoch 4/15, batch 1/235
Epoch 4/15, batch 24/235
Epoch 4/15, batch 47/235
Epoch 4/15, batch 70/235
Epoch 4/15, batch 93/235
Epoch 4/15, batch 116/235
Epoch 4/15, batch 139/235
Epoch 4/15, batch 162/235
Epoch 4/15, batch 185/235
Epoch 4/15, batch 208/235
Epoch 4/15, batch 231/235
Epoch 4/15, batch 235/235
[26%] Epoch: 4 | CE: 0.590385
Model saved to ex4_combo3_epoch_4.csv
Epoch 5/15, batch 1/235
Epoch 5/15, batch 24/235
Epoch 5/15, batch 47/235
Epoch 5/15, batch 70/235
Epoch 5/15, batch 93/235
Epoch 5/15, batch 116/235
Epoch 5/15, batch 139/235
Epoch 5/15, batch 162/235
Epoch 5/15, batch 185/235
Epoch 5/15, batch 208/235
Epoch 5/15, batch 231/235
Epoch 5/15, batch 235/235
[33%] Epoch: 5 | CE: 0.54411
Model saved to ex4_combo3_epoch_5.csv
Epoch 6/15, batch 1/235
Epoch 6/15, batch 24/235
Epoch 6/15, batch 47/235
Epoch 6/15, batch 70/235
Epoch 6/15, batch 93/235
Epoch 6/15, batch 116/235
Epoch 6/15, batch 139/235
Epoch 6/15, batch 162/235
Epoch 6/15, batch 185/235
Epoch 6/15, batch 208/235
Epoch 6/15, batch 231/235
Epoch 6/15, batch 235/235
[40%] Epoch: 6 | CE: 0.513614
Model saved to ex4_combo3_epoch_6.csv
Epoch 7/15, batch 1/235
Epoch 7/15, batch 24/235
Epoch 7/15, batch 47/235
Epoch 7/15, batch 70/235
Epoch 7/15, batch 93/235
Epoch 7/15, batch 116/235
Epoch 7/15, batch 139/235
Epoch 7/15, batch 162/235
Epoch 7/15, batch 185/235
Epoch 7/15, batch 208/235
Epoch 7/15, batch 231/235
Epoch 7/15, batch 235/235
[46%] Epoch: 7 | CE: 0.492497
Model saved to ex4_combo3_epoch_7.csv
Epoch 8/15, batch 1/235
Epoch 8/15, batch 24/235
Epoch 8/15, batch 47/235
Epoch 8/15, batch 70/235
Epoch 8/15, batch 93/235
Epoch 8/15, batch 116/235
Epoch 8/15, batch 139/235
Epoch 8/15, batch 162/235
Epoch 8/15, batch 185/235
Epoch 8/15, batch 208/235
Epoch 8/15, batch 231/235
Epoch 8/15, batch 235/235
[53%] Epoch: 8 | CE: 0.476865
Model saved to ex4_combo3_epoch_8.csv
Epoch 9/15, batch 1/235
Epoch 9/15, batch 24/235
Epoch 9/15, batch 47/235
Epoch 9/15, batch 70/235
Epoch 9/15, batch 93/235
Epoch 9/15, batch 116/235
Epoch 9/15, batch 139/235
Epoch 9/15, batch 162/235
Epoch 9/15, batch 185/235
Epoch 9/15, batch 208/235
Epoch 9/15, batch 231/235
Epoch 9/15, batch 235/235
[60%] Epoch: 9 | CE: 0.464534
Model saved to ex4_combo3_epoch_9.csv
Epoch 10/15, batch 1/235
Epoch 10/15, batch 24/235
Epoch 10/15, batch 47/235
Epoch 10/15, batch 70/235
Epoch 10/15, batch 93/235
Epoch 10/15, batch 116/235
Epoch 10/15, batch 139/235
Epoch 10/15, batch 162/235
Epoch 10/15, batch 185/235
Epoch 10/15, batch 208/235
Epoch 10/15, batch 231/235
Epoch 10/15, batch 235/235
[66%] Epoch: 10 | CE: 0.454263
Model saved to ex4_combo3_epoch_10.csv
Epoch 11/15, batch 1/235
Epoch 11/15, batch 24/235
Epoch 11/15, batch 47/235
Epoch 11/15, batch 70/235
Epoch 11/15, batch 93/235
Epoch 11/15, batch 116/235
Epoch 11/15, batch 139/235
Epoch 11/15, batch 162/235
Epoch 11/15, batch 185/235
Epoch 11/15, batch 208/235
Epoch 11/15, batch 231/235
Epoch 11/15, batch 235/235
[73%] Epoch: 11 | CE: 0.445323
Model saved to ex4_combo3_epoch_11.csv
Epoch 12/15, batch 1/235
Epoch 12/15, batch 24/235
Epoch 12/15, batch 47/235
Epoch 12/15, batch 70/235
Epoch 12/15, batch 93/235
Epoch 12/15, batch 116/235
Epoch 12/15, batch 139/235
Epoch 12/15, batch 162/235
Epoch 12/15, batch 185/235
Epoch 12/15, batch 208/235
Epoch 12/15, batch 231/235
Epoch 12/15, batch 235/235
[80%] Epoch: 12 | CE: 0.437333
Model saved to ex4_combo3_epoch_12.csv
Epoch 13/15, batch 1/235
Epoch 13/15, batch 24/235
Epoch 13/15, batch 47/235
Epoch 13/15, batch 70/235
Epoch 13/15, batch 93/235
Epoch 13/15, batch 116/235
Epoch 13/15, batch 139/235
Epoch 13/15, batch 162/235
Epoch 13/15, batch 185/235
Epoch 13/15, batch 208/235
Epoch 13/15, batch 231/235
Epoch 13/15, batch 235/235
[86%] Epoch: 13 | CE: 0.430048
Model saved to ex4_combo3_epoch_13.csv
Epoch 14/15, batch 1/235
Epoch 14/15, batch 24/235
Epoch 14/15, batch 47/235
Epoch 14/15, batch 70/235
Epoch 14/15, batch 93/235
Epoch 14/15, batch 116/235
Epoch 14/15, batch 139/235
Epoch 14/15, batch 162/235
Epoch 14/15, batch 185/235
Epoch 14/15, batch 208/235
Epoch 14/15, batch 231/235
Epoch 14/15, batch 235/235
[93%] Epoch: 14 | CE: 0.423275
Model saved to ex4_combo3_epoch_14.csv
Epoch 15/15, batch 1/235
Epoch 15/15, batch 24/235
Epoch 15/15, batch 47/235
Epoch 15/15, batch 70/235
Epoch 15/15, batch 93/235
Epoch 15/15, batch 116/235
Epoch 15/15, batch 139/235
Epoch 15/15, batch 162/235
Epoch 15/15, batch 185/235
Epoch 15/15, batch 208/235
Epoch 15/15, batch 231/235
Epoch 15/15, batch 235/235
[100%] Epoch: 15 | CE: 0.416891
Model saved to ex4_combo3_epoch_15.csv
Training completed in 662 seconds.

>>> Test accuracy: 84%  (8400/10000)
